node:events:496
      throw er; // Unhandled 'error' event
      ^

Error: listen EADDRINUSE: address already in use :::3000
    at Server.setupListenHandle [as _listen2] (node:net:1897:16)
    at listenInCluster (node:net:1945:12)
    at Server.listen (node:net:2037:7)
    at Object.<anonymous> (D:\Ujjawal\visitor_Display_iob\backend\server.js:235:10)
    at Module._compile (node:internal/modules/cjs/loader:1369:14)
    at Module._extensions..js (node:internal/modules/cjs/loader:1427:10)
    at Module.load (node:internal/modules/cjs/loader:1206:32)
    at Module._load (node:internal/modules/cjs/loader:1022:12)
    at Function.executeUserEntryPoint [as runMain] (node:internal/modules/run_main:135:12)
    at node:internal/main/run_main_module:28:49
Emitted 'error' event on Server instance at:
    at emitErrorNT (node:net:1924:8)
    at process.processTicksAndRejections (node:internal/process/task_queues:82:21) {
  code: 'EADDRINUSE',
  errno: -4091,
  syscall: 'listen',
  address: '::',
  port: 3000
}

Node.js v20.12.2
node:events:496
      throw er; // Unhandled 'error' event
      ^

Error: listen EADDRINUSE: address already in use :::3000
    at Server.setupListenHandle [as _listen2] (node:net:1897:16)
    at listenInCluster (node:net:1945:12)
    at Server.listen (node:net:2037:7)
    at Object.<anonymous> (D:\Ujjawal\visitor_Display_iob\backend\server.js:235:10)
    at Module._compile (node:internal/modules/cjs/loader:1369:14)
    at Module._extensions..js (node:internal/modules/cjs/loader:1427:10)
    at Module.load (node:internal/modules/cjs/loader:1206:32)
    at Module._load (node:internal/modules/cjs/loader:1022:12)
    at Function.executeUserEntryPoint [as runMain] (node:internal/modules/run_main:135:12)
    at node:internal/main/run_main_module:28:49
Emitted 'error' event on Server instance at:
    at emitErrorNT (node:net:1924:8)
    at process.processTicksAndRejections (node:internal/process/task_queues:82:21) {
  code: 'EADDRINUSE',
  errno: -4091,
  syscall: 'listen',
  address: '::',
  port: 3000
}

Node.js v20.12.2
node:events:496
      throw er; // Unhandled 'error' event
      ^

Error: listen EADDRINUSE: address already in use :::3000
    at Server.setupListenHandle [as _listen2] (node:net:1897:16)
    at listenInCluster (node:net:1945:12)
    at Server.listen (node:net:2037:7)
    at Object.<anonymous> (D:\Ujjawal\visitor_Display_iob\backend\server.js:235:10)
    at Module._compile (node:internal/modules/cjs/loader:1369:14)
    at Module._extensions..js (node:internal/modules/cjs/loader:1427:10)
    at Module.load (node:internal/modules/cjs/loader:1206:32)
    at Module._load (node:internal/modules/cjs/loader:1022:12)
    at Function.executeUserEntryPoint [as runMain] (node:internal/modules/run_main:135:12)
    at node:internal/main/run_main_module:28:49
Emitted 'error' event on Server instance at:
    at emitErrorNT (node:net:1924:8)
    at process.processTicksAndRejections (node:internal/process/task_queues:82:21) {
  code: 'EADDRINUSE',
  errno: -4091,
  syscall: 'listen',
  address: '::',
  port: 3000
}

Node.js v20.12.2
Error processing file: Cannot read properties of undefined (reading 'substring')
Error processing file: Cannot read properties of undefined (reading 'substring')
Error processing file: Cannot read properties of undefined (reading 'substring')
Error processing file: Cannot read properties of undefined (reading 'substring')
Error processing file: Cannot read properties of undefined (reading 'substring')
Error processing file: Cannot read properties of undefined (reading 'substring')
Error processing file: Cannot read properties of undefined (reading 'substring')
Error processing file: Cannot read properties of undefined (reading 'substring')
Error processing file: Cannot read properties of undefined (reading 'substring')
Error processing file: Cannot read properties of undefined (reading 'substring')
Error processing file: Cannot read properties of undefined (reading 'substring')
Error processing file: Cannot read properties of undefined (reading 'substring')
Error processing file: Cannot read properties of undefined (reading 'substring')
Error processing file: Cannot read properties of undefined (reading 'substring')
Error processing file: Cannot read properties of undefined (reading 'substring')
Error processing file: Cannot read properties of undefined (reading 'substring')
Error processing file: Cannot read properties of undefined (reading 'substring')
Error processing file: Cannot read properties of undefined (reading 'substring')
Error processing file: Cannot read properties of undefined (reading 'substring')
Error processing file: Cannot read properties of undefined (reading 'substring')
Error processing file: Cannot read properties of undefined (reading 'substring')
Error processing file: Cannot read properties of undefined (reading 'substring')
Error processing file: Cannot read properties of undefined (reading 'substring')
Error processing file: Cannot read properties of undefined (reading 'substring')
Error processing file: Cannot read properties of undefined (reading 'substring')
Error processing file: Cannot read properties of undefined (reading 'substring')
Error processing file: Cannot read properties of undefined (reading 'substring')
Error processing file: Cannot read properties of undefined (reading 'substring')
Error processing file: Cannot read properties of undefined (reading 'substring')
Error processing file: Cannot read properties of undefined (reading 'substring')
Error processing file: Cannot read properties of undefined (reading 'substring')
Error processing file: Cannot read properties of undefined (reading 'substring')
Error processing file: Cannot read properties of undefined (reading 'substring')
Error processing file: Cannot read properties of undefined (reading 'substring')
Error processing file: Cannot read properties of undefined (reading 'substring')
Error processing file: Cannot read properties of undefined (reading 'substring')
Error processing file: Cannot read properties of undefined (reading 'substring')
Error processing file: Cannot read properties of undefined (reading 'substring')
